Starting Mapper (version 476)...
Mapper initialization...
Sprite manager initialization...
Sprite manager initialization complete.
Init interface.
Init interface complete.
Script system initialization...
Reload scripts...
Reload scripts complete.
Bind reserved functions...
Bind reserved function fail, name<map_load>.
Bind reserved function fail, name<map_save>.
Bind reserved functions fail.
Script system initialization complete.
Loaded<135> critter types.
Item manager initialization...
Item manager initialization complete.
Loading items prototypes...
Items prototypes successfully loaded, count<4894>.
Critter manager initialization...
Critter manager initialization complete.
Loading critters prototypes...
Loaded<529> critter protos, errors<0>.
Hex field initialization...
Hex field initialization complete.
Mapper initialization complete.
Create map from prototype.
Create map from prototype complete.
Exit from mapper.
